Arguments: 
  /usr/local/bin/node /usr/local/bin/yarn add vue

PATH: 
  /usr/local/bin:/usr/bin:/bin:/usr/sbin:/sbin

Yarn version: 
  0.27.5

Node version: 
  8.1.3

Platform: 
  darwin x64

npm manifest: 
  {
    "name": "learn_node_base",
    "version": "1.0.0",
    "main": "fs.js",
    "scripts": {
      "test": "echo \"Error: no test specified\" && exit 1"
    },
    "keywords": [],
    "author": "",
    "license": "ISC",
    "description": ""
  }

yarn manifest: 
  No manifest

Lockfile: 
  No lockfile

Trace: 
  Error: EACCES: permission denied, mkdir '/Users/dddnkj/Library/Caches/Yarn/v1/npm-vue-2.4.2-a9855261f191c978cc0dc1150531b8d08149b58c'
